{"/home/prog/git/ds/src/utils.ts": {"path":"/home/prog/git/ds/src/utils.ts","statementMap":{"0":{"start":{"line":6,"column":2},"end":{"line":7,"column":42}},"1":{"start":{"line":6,"column":15},"end":{"line":6,"column":16}},"2":{"start":{"line":7,"column":4},"end":{"line":7,"column":42}},"3":{"start":{"line":5,"column":0},"end":{"line":5,"column":16}},"4":{"start":{"line":11,"column":2},"end":{"line":12,"column":42}},"5":{"start":{"line":12,"column":4},"end":{"line":12,"column":42}},"6":{"start":{"line":10,"column":0},"end":{"line":10,"column":16}}},"fnMap":{"0":{"name":"showPath","decl":{"start":{"line":5,"column":16},"end":{"line":5,"column":24}},"loc":{"start":{"line":5,"column":73},"end":{"line":8,"column":1}}},"1":{"name":"assertDefined","decl":{"start":{"line":10,"column":16},"end":{"line":10,"column":29}},"loc":{"start":{"line":10,"column":53},"end":{"line":13,"column":1}}}},"branchMap":{"0":{"loc":{"start":{"line":11,"column":2},"end":{"line":12,"column":42}},"type":"if","locations":[{"start":{"line":11,"column":2},"end":{"line":12,"column":42}}]}},"s":{"0":0,"1":0,"2":0,"3":1,"4":29,"5":0,"6":1},"f":{"0":0,"1":29},"b":{"0":[0]}}
,"/home/prog/git/ds/src/graph/Graph.ts": {"path":"/home/prog/git/ds/src/graph/Graph.ts","statementMap":{"0":{"start":{"line":11,"column":4},"end":{"line":16,"column":10}},"1":{"start":{"line":14,"column":8},"end":{"line":14,"column":46}},"2":{"start":{"line":18,"column":17},"end":{"line":18,"column":21}},"3":{"start":{"line":22,"column":4},"end":{"line":22,"column":40}},"4":{"start":{"line":7,"column":0},"end":{"line":7,"column":30}}},"fnMap":{"0":{"name":"(anonymous_0)","decl":{"start":{"line":10,"column":2},"end":{"line":10,"column":14}},"loc":{"start":{"line":10,"column":54},"end":{"line":19,"column":3}}},"1":{"name":"(anonymous_1)","decl":{"start":{"line":13,"column":6},"end":{"line":13,"column":9}},"loc":{"start":{"line":13,"column":21},"end":{"line":15,"column":7}}},"2":{"name":"(anonymous_2)","decl":{"start":{"line":21,"column":2},"end":{"line":21,"column":16}},"loc":{"start":{"line":21,"column":28},"end":{"line":23,"column":3}}}},"branchMap":{"0":{"loc":{"start":{"line":11,"column":21},"end":{"line":16,"column":9}},"type":"cond-expr","locations":[{"start":{"line":11,"column":21},"end":{"line":11,"column":30}},{"start":{"line":11,"column":34},"end":{"line":16,"column":9}}]},"1":{"loc":{"start":{"line":11,"column":21},"end":{"line":11,"column":34}},"type":"binary-expr","locations":[{"start":{"line":11,"column":21},"end":{"line":11,"column":34}},{"start":{"line":11,"column":21},"end":{"line":11,"column":34}}]}},"s":{"0":2,"1":0,"2":2,"3":27,"4":1},"f":{"0":2,"1":0,"2":27},"b":{"0":[2,0],"1":[2,2]}}
,"/home/prog/git/ds/src/graph/GraphCachedNeighborsBehavior.ts": {"path":"/home/prog/git/ds/src/graph/GraphCachedNeighborsBehavior.ts","statementMap":{"0":{"start":{"line":9,"column":4},"end":{"line":9,"column":27}},"1":{"start":{"line":13,"column":19},"end":{"line":13,"column":43}},"2":{"start":{"line":15,"column":4},"end":{"line":16,"column":20}},"3":{"start":{"line":16,"column":6},"end":{"line":16,"column":20}},"4":{"start":{"line":18,"column":22},"end":{"line":18,"column":52}},"5":{"start":{"line":20,"column":4},"end":{"line":20,"column":40}},"6":{"start":{"line":22,"column":4},"end":{"line":22,"column":21}},"7":{"start":{"line":26,"column":4},"end":{"line":26,"column":35}},"8":{"start":{"line":5,"column":0},"end":{"line":5,"column":30}}},"fnMap":{"0":{"name":"(anonymous_0)","decl":{"start":{"line":8,"column":2},"end":{"line":8,"column":null}},"loc":{"start":{"line":8,"column":2},"end":{"line":10,"column":3}}},"1":{"name":"(anonymous_1)","decl":{"start":{"line":12,"column":2},"end":{"line":12,"column":5}},"loc":{"start":{"line":12,"column":17},"end":{"line":23,"column":3}}},"2":{"name":"(anonymous_2)","decl":{"start":{"line":25,"column":2},"end":{"line":25,"column":5}},"loc":{"start":{"line":25,"column":28},"end":{"line":27,"column":3}}}},"branchMap":{"0":{"loc":{"start":{"line":15,"column":4},"end":{"line":16,"column":20}},"type":"if","locations":[{"start":{"line":15,"column":4},"end":{"line":16,"column":20}}]}},"s":{"0":2,"1":27,"2":27,"3":0,"4":27,"5":27,"6":27,"7":0,"8":1},"f":{"0":2,"1":27,"2":0},"b":{"0":[0]}}
,"/home/prog/git/ds/src/graph/index.ts": {"path":"/home/prog/git/ds/src/graph/index.ts","statementMap":{"0":{"start":{"line":1,"column":0},"end":{"line":1,"column":null}},"1":{"start":{"line":2,"column":2},"end":{"line":2,"column":18}},"2":{"start":{"line":5,"column":0},"end":{"line":5,"column":null}},"3":{"start":{"line":6,"column":2},"end":{"line":6,"column":41}}},"fnMap":{"0":{"name":"(anonymous_1)","decl":{"start":{"line":2,"column":2},"end":{"line":2,"column":9}},"loc":{"start":{"line":2,"column":2},"end":{"line":2,"column":18}}},"1":{"name":"(anonymous_2)","decl":{"start":{"line":6,"column":2},"end":{"line":6,"column":9}},"loc":{"start":{"line":6,"column":2},"end":{"line":6,"column":41}}}},"branchMap":{},"s":{"0":1,"1":2,"2":1,"3":3},"f":{"0":1,"1":2},"b":{}}
,"/home/prog/git/ds/src/grid/Grid.ts": {"path":"/home/prog/git/ds/src/grid/Grid.ts","statementMap":{"0":{"start":{"line":2,"column":0},"end":{"line":2,"column":87}},"1":{"start":{"line":3,"column":0},"end":{"line":3,"column":44}},"2":{"start":{"line":18,"column":53},"end":{"line":23,"column":9}},"3":{"start":{"line":21,"column":8},"end":{"line":21,"column":46}},"4":{"start":{"line":25,"column":4},"end":{"line":25,"column":13}},"5":{"start":{"line":26,"column":17},"end":{"line":26,"column":21}},"6":{"start":{"line":28,"column":4},"end":{"line":28,"column":21}},"7":{"start":{"line":32,"column":4},"end":{"line":33,"column":46}},"8":{"start":{"line":33,"column":6},"end":{"line":33,"column":46}},"9":{"start":{"line":37,"column":4},"end":{"line":37,"column":29}},"10":{"start":{"line":39,"column":4},"end":{"line":39,"column":59}},"11":{"start":{"line":43,"column":4},"end":{"line":43,"column":29}},"12":{"start":{"line":45,"column":4},"end":{"line":45,"column":58}},"13":{"start":{"line":49,"column":58},"end":{"line":49,"column":109}},"14":{"start":{"line":49,"column":84},"end":{"line":49,"column":109}},"15":{"start":{"line":51,"column":4},"end":{"line":51,"column":97}},"16":{"start":{"line":12,"column":0},"end":{"line":12,"column":30}}},"fnMap":{"0":{"name":"(anonymous_0)","decl":{"start":{"line":17,"column":2},"end":{"line":17,"column":15}},"loc":{"start":{"line":17,"column":50},"end":{"line":29,"column":3}}},"1":{"name":"(anonymous_1)","decl":{"start":{"line":20,"column":6},"end":{"line":20,"column":21}},"loc":{"start":{"line":20,"column":42},"end":{"line":22,"column":7}}},"2":{"name":"(anonymous_2)","decl":{"start":{"line":31,"column":10},"end":{"line":31,"column":27}},"loc":{"start":{"line":31,"column":27},"end":{"line":34,"column":3}}},"3":{"name":"(anonymous_3)","decl":{"start":{"line":36,"column":2},"end":{"line":36,"column":5}},"loc":{"start":{"line":36,"column":26},"end":{"line":40,"column":3}}},"4":{"name":"(anonymous_4)","decl":{"start":{"line":42,"column":2},"end":{"line":42,"column":5}},"loc":{"start":{"line":42,"column":35},"end":{"line":46,"column":3}}},"5":{"name":"(anonymous_5)","decl":{"start":{"line":48,"column":2},"end":{"line":48,"column":6}},"loc":{"start":{"line":48,"column":6},"end":{"line":52,"column":3}}},"6":{"name":"(anonymous_6)","decl":{"start":{"line":49,"column":58},"end":{"line":49,"column":59}},"loc":{"start":{"line":49,"column":84},"end":{"line":49,"column":109}}}},"branchMap":{"0":{"loc":{"start":{"line":18,"column":53},"end":{"line":23,"column":9}},"type":"cond-expr","locations":[{"start":{"line":18,"column":53},"end":{"line":18,"column":62}},{"start":{"line":18,"column":66},"end":{"line":23,"column":9}}]},"1":{"loc":{"start":{"line":18,"column":53},"end":{"line":18,"column":66}},"type":"binary-expr","locations":[{"start":{"line":18,"column":53},"end":{"line":18,"column":66}},{"start":{"line":18,"column":53},"end":{"line":18,"column":66}}]},"2":{"loc":{"start":{"line":32,"column":4},"end":{"line":33,"column":46}},"type":"if","locations":[{"start":{"line":32,"column":4},"end":{"line":33,"column":46}}]}},"s":{"0":1,"1":1,"2":2,"3":27,"4":2,"5":2,"6":2,"7":117,"8":0,"9":117,"10":117,"11":0,"12":0,"13":2,"14":32,"15":2,"16":1},"f":{"0":2,"1":27,"2":117,"3":117,"4":0,"5":2,"6":32},"b":{"0":[0,2],"1":[2,2],"2":[0]}}
,"/home/prog/git/ds/src/grid/GridPoint.ts": {"path":"/home/prog/git/ds/src/grid/GridPoint.ts","statementMap":{"0":{"start":{"line":8,"column":4},"end":{"line":8,"column":34}},"1":{"start":{"line":4,"column":0},"end":{"line":4,"column":30}}},"fnMap":{"0":{"name":"(anonymous_0)","decl":{"start":{"line":7,"column":2},"end":{"line":7,"column":14}},"loc":{"start":{"line":7,"column":34},"end":{"line":9,"column":3}}}},"branchMap":{},"s":{"0":32,"1":1},"f":{"0":32},"b":{}}
,"/home/prog/git/ds/src/grid/index.ts": {"path":"/home/prog/git/ds/src/grid/index.ts","statementMap":{"0":{"start":{"line":1,"column":0},"end":{"line":1,"column":7}},"1":{"start":{"line":7,"column":2},"end":{"line":1,"column":26}},"2":{"start":{"line":2,"column":0},"end":{"line":2,"column":7}},"3":{"start":{"line":8,"column":2},"end":{"line":2,"column":36}},"4":{"start":{"line":4,"column":0},"end":{"line":4,"column":24}}},"fnMap":{},"branchMap":{},"s":{"0":1,"1":1,"2":1,"3":1,"4":1},"f":{},"b":{}}
,"/home/prog/git/ds/src/grid/edges/FourEdgesGridBehavior.ts": {"path":"/home/prog/git/ds/src/grid/edges/FourEdgesGridBehavior.ts","statementMap":{"0":{"start":{"line":1,"column":0},"end":{"line":1,"column":43}},"1":{"start":{"line":5,"column":0},"end":{"line":5,"column":62}},"2":{"start":{"line":22,"column":4},"end":{"line":22,"column":21}},"3":{"start":{"line":26,"column":4},"end":{"line":26,"column":29}},"4":{"start":{"line":27,"column":21},"end":{"line":27,"column":44}},"5":{"start":{"line":29,"column":4},"end":{"line":56,"column":null}},"6":{"start":{"line":32,"column":6},"end":{"line":55,"column":null}},"7":{"start":{"line":34,"column":10},"end":{"line":34,"column":57}},"8":{"start":{"line":35,"column":10},"end":{"line":35,"column":43}},"9":{"start":{"line":36,"column":10},"end":{"line":36,"column":62}},"10":{"start":{"line":37,"column":10},"end":{"line":37,"column":16}},"11":{"start":{"line":39,"column":10},"end":{"line":39,"column":57}},"12":{"start":{"line":40,"column":10},"end":{"line":40,"column":42}},"13":{"start":{"line":41,"column":10},"end":{"line":41,"column":63}},"14":{"start":{"line":42,"column":10},"end":{"line":42,"column":16}},"15":{"start":{"line":44,"column":10},"end":{"line":44,"column":57}},"16":{"start":{"line":45,"column":10},"end":{"line":45,"column":41}},"17":{"start":{"line":46,"column":10},"end":{"line":46,"column":64}},"18":{"start":{"line":47,"column":10},"end":{"line":47,"column":16}},"19":{"start":{"line":49,"column":10},"end":{"line":49,"column":57}},"20":{"start":{"line":50,"column":10},"end":{"line":50,"column":44}},"21":{"start":{"line":51,"column":10},"end":{"line":51,"column":61}},"22":{"start":{"line":52,"column":10},"end":{"line":52,"column":16}},"23":{"start":{"line":54,"column":10},"end":{"line":54,"column":42}},"24":{"start":{"line":60,"column":4},"end":{"line":60,"column":54}},"25":{"start":{"line":64,"column":4},"end":{"line":64,"column":55}},"26":{"start":{"line":69,"column":4},"end":{"line":69,"column":29}},"27":{"start":{"line":70,"column":30},"end":{"line":70,"column":32}},"28":{"start":{"line":71,"column":20},"end":{"line":71,"column":43}},"29":{"start":{"line":73,"column":4},"end":{"line":74,"column":64}},"30":{"start":{"line":74,"column":6},"end":{"line":74,"column":64}},"31":{"start":{"line":76,"column":19},"end":{"line":76,"column":27}},"32":{"start":{"line":78,"column":4},"end":{"line":79,"column":51}},"33":{"start":{"line":79,"column":6},"end":{"line":79,"column":51}},"34":{"start":{"line":81,"column":4},"end":{"line":82,"column":51}},"35":{"start":{"line":82,"column":6},"end":{"line":82,"column":51}},"36":{"start":{"line":84,"column":4},"end":{"line":85,"column":51}},"37":{"start":{"line":85,"column":6},"end":{"line":85,"column":51}},"38":{"start":{"line":87,"column":4},"end":{"line":88,"column":51}},"39":{"start":{"line":88,"column":6},"end":{"line":88,"column":51}},"40":{"start":{"line":90,"column":4},"end":{"line":90,"column":24}},"41":{"start":{"line":18,"column":0},"end":{"line":18,"column":21}}},"fnMap":{"0":{"name":"(anonymous_0)","decl":{"start":{"line":21,"column":2},"end":{"line":21,"column":9}},"loc":{"start":{"line":21,"column":17},"end":{"line":23,"column":3}}},"1":{"name":"(anonymous_1)","decl":{"start":{"line":25,"column":2},"end":{"line":25,"column":21}},"loc":{"start":{"line":25,"column":64},"end":{"line":57,"column":3}}},"2":{"name":"(anonymous_2)","decl":{"start":{"line":59,"column":2},"end":{"line":59,"column":28}},"loc":{"start":{"line":59,"column":46},"end":{"line":61,"column":3}}},"3":{"name":"(anonymous_3)","decl":{"start":{"line":63,"column":2},"end":{"line":63,"column":29}},"loc":{"start":{"line":63,"column":47},"end":{"line":65,"column":3}}},"4":{"name":"(anonymous_4)","decl":{"start":{"line":68,"column":2},"end":{"line":68,"column":17}},"loc":{"start":{"line":68,"column":35},"end":{"line":91,"column":3}}}},"branchMap":{"0":{"loc":{"start":{"line":32,"column":6},"end":{"line":55,"column":null}},"type":"switch","locations":[{"start":{"line":33,"column":8},"end":{"line":37,"column":16}},{"start":{"line":38,"column":8},"end":{"line":42,"column":16}},{"start":{"line":43,"column":8},"end":{"line":47,"column":16}},{"start":{"line":48,"column":8},"end":{"line":52,"column":16}},{"start":{"line":53,"column":8},"end":{"line":54,"column":42}}]},"1":{"loc":{"start":{"line":35,"column":10},"end":{"line":35,"column":42}},"type":"cond-expr","locations":[{"start":{"line":35,"column":18},"end":{"line":35,"column":20}},{"start":{"line":35,"column":10},"end":{"line":35,"column":42}}]},"2":{"loc":{"start":{"line":35,"column":10},"end":{"line":35,"column":20}},"type":"binary-expr","locations":[{"start":{"line":35,"column":10},"end":{"line":35,"column":20}},{"start":{"line":35,"column":10},"end":{"line":35,"column":20}}]},"3":{"loc":{"start":{"line":36,"column":10},"end":{"line":36,"column":61}},"type":"cond-expr","locations":[{"start":{"line":36,"column":38},"end":{"line":36,"column":40}},{"start":{"line":36,"column":38},"end":{"line":36,"column":61}}]},"4":{"loc":{"start":{"line":36,"column":10},"end":{"line":36,"column":40}},"type":"binary-expr","locations":[{"start":{"line":36,"column":10},"end":{"line":36,"column":40}},{"start":{"line":36,"column":38},"end":{"line":36,"column":40}}]},"5":{"loc":{"start":{"line":40,"column":10},"end":{"line":40,"column":41}},"type":"cond-expr","locations":[{"start":{"line":40,"column":18},"end":{"line":40,"column":20}},{"start":{"line":40,"column":10},"end":{"line":40,"column":41}}]},"6":{"loc":{"start":{"line":40,"column":10},"end":{"line":40,"column":20}},"type":"binary-expr","locations":[{"start":{"line":40,"column":10},"end":{"line":40,"column":20}},{"start":{"line":40,"column":10},"end":{"line":40,"column":20}}]},"7":{"loc":{"start":{"line":41,"column":10},"end":{"line":41,"column":62}},"type":"cond-expr","locations":[{"start":{"line":41,"column":38},"end":{"line":41,"column":40}},{"start":{"line":41,"column":38},"end":{"line":41,"column":62}}]},"8":{"loc":{"start":{"line":41,"column":10},"end":{"line":41,"column":40}},"type":"binary-expr","locations":[{"start":{"line":41,"column":10},"end":{"line":41,"column":40}},{"start":{"line":41,"column":38},"end":{"line":41,"column":40}}]},"9":{"loc":{"start":{"line":45,"column":10},"end":{"line":45,"column":40}},"type":"cond-expr","locations":[{"start":{"line":45,"column":18},"end":{"line":45,"column":20}},{"start":{"line":45,"column":10},"end":{"line":45,"column":40}}]},"10":{"loc":{"start":{"line":45,"column":10},"end":{"line":45,"column":20}},"type":"binary-expr","locations":[{"start":{"line":45,"column":10},"end":{"line":45,"column":20}},{"start":{"line":45,"column":10},"end":{"line":45,"column":20}}]},"11":{"loc":{"start":{"line":46,"column":10},"end":{"line":46,"column":63}},"type":"cond-expr","locations":[{"start":{"line":46,"column":38},"end":{"line":46,"column":40}},{"start":{"line":46,"column":38},"end":{"line":46,"column":63}}]},"12":{"loc":{"start":{"line":46,"column":10},"end":{"line":46,"column":40}},"type":"binary-expr","locations":[{"start":{"line":46,"column":10},"end":{"line":46,"column":40}},{"start":{"line":46,"column":38},"end":{"line":46,"column":40}}]},"13":{"loc":{"start":{"line":50,"column":10},"end":{"line":50,"column":43}},"type":"cond-expr","locations":[{"start":{"line":50,"column":18},"end":{"line":50,"column":20}},{"start":{"line":50,"column":10},"end":{"line":50,"column":43}}]},"14":{"loc":{"start":{"line":50,"column":10},"end":{"line":50,"column":20}},"type":"binary-expr","locations":[{"start":{"line":50,"column":10},"end":{"line":50,"column":20}},{"start":{"line":50,"column":10},"end":{"line":50,"column":20}}]},"15":{"loc":{"start":{"line":51,"column":10},"end":{"line":51,"column":60}},"type":"cond-expr","locations":[{"start":{"line":51,"column":38},"end":{"line":51,"column":40}},{"start":{"line":51,"column":38},"end":{"line":51,"column":60}}]},"16":{"loc":{"start":{"line":51,"column":10},"end":{"line":51,"column":40}},"type":"binary-expr","locations":[{"start":{"line":51,"column":10},"end":{"line":51,"column":40}},{"start":{"line":51,"column":38},"end":{"line":51,"column":40}}]},"17":{"loc":{"start":{"line":73,"column":4},"end":{"line":74,"column":64}},"type":"if","locations":[{"start":{"line":73,"column":4},"end":{"line":74,"column":64}}]},"18":{"loc":{"start":{"line":78,"column":4},"end":{"line":79,"column":51}},"type":"if","locations":[{"start":{"line":78,"column":4},"end":{"line":79,"column":51}}]},"19":{"loc":{"start":{"line":78,"column":8},"end":{"line":78,"column":56}},"type":"binary-expr","locations":[{"start":{"line":78,"column":8},"end":{"line":78,"column":27}},{"start":{"line":78,"column":31},"end":{"line":78,"column":56}}]},"20":{"loc":{"start":{"line":81,"column":4},"end":{"line":82,"column":51}},"type":"if","locations":[{"start":{"line":81,"column":4},"end":{"line":82,"column":51}}]},"21":{"loc":{"start":{"line":81,"column":8},"end":{"line":81,"column":35}},"type":"binary-expr","locations":[{"start":{"line":81,"column":8},"end":{"line":81,"column":26}},{"start":{"line":81,"column":30},"end":{"line":81,"column":35}}]},"22":{"loc":{"start":{"line":84,"column":4},"end":{"line":85,"column":51}},"type":"if","locations":[{"start":{"line":84,"column":4},"end":{"line":85,"column":51}}]},"23":{"loc":{"start":{"line":84,"column":8},"end":{"line":84,"column":57}},"type":"binary-expr","locations":[{"start":{"line":84,"column":8},"end":{"line":84,"column":28}},{"start":{"line":84,"column":32},"end":{"line":84,"column":57}}]},"24":{"loc":{"start":{"line":87,"column":4},"end":{"line":88,"column":51}},"type":"if","locations":[{"start":{"line":87,"column":4},"end":{"line":88,"column":51}}]},"25":{"loc":{"start":{"line":87,"column":8},"end":{"line":87,"column":34}},"type":"binary-expr","locations":[{"start":{"line":87,"column":8},"end":{"line":87,"column":25}},{"start":{"line":87,"column":29},"end":{"line":87,"column":34}}]}},"s":{"0":1,"1":1,"2":2,"3":2,"4":2,"5":2,"6":2,"7":1,"8":1,"9":1,"10":1,"11":0,"12":0,"13":0,"14":0,"15":0,"16":0,"17":0,"18":0,"19":1,"20":1,"21":1,"22":1,"23":0,"24":1,"25":1,"26":27,"27":27,"28":27,"29":27,"30":0,"31":27,"32":27,"33":21,"34":27,"35":19,"36":27,"37":20,"38":27,"39":22,"40":27,"41":1},"f":{"0":2,"1":2,"2":1,"3":1,"4":27},"b":{"0":[1,0,0,1,0],"1":[0,1],"2":[1,1],"3":[0,1],"4":[1,1],"5":[0,0],"6":[0,0],"7":[0,0],"8":[0,0],"9":[0,0],"10":[0,0],"11":[0,0],"12":[0,0],"13":[0,1],"14":[1,1],"15":[0,1],"16":[1,1],"17":[0],"18":[21],"19":[27,26],"20":[19],"21":[27,27],"22":[20],"23":[27,26],"24":[22],"25":[27,27]}}
,"/home/prog/git/ds/src/grid/edges/Grid2D.ts": {"path":"/home/prog/git/ds/src/grid/edges/Grid2D.ts","statementMap":{"0":{"start":{"line":2,"column":0},"end":{"line":2,"column":27}},"1":{"start":{"line":5,"column":0},"end":{"line":5,"column":30}}},"fnMap":{},"branchMap":{},"s":{"0":1,"1":1},"f":{},"b":{}}
,"/home/prog/git/ds/src/grid/edges/Grid2DFourEdges.ts": {"path":"/home/prog/git/ds/src/grid/edges/Grid2DFourEdges.ts","statementMap":{"0":{"start":{"line":2,"column":0},"end":{"line":2,"column":83}},"1":{"start":{"line":3,"column":0},"end":{"line":3,"column":30}},"2":{"start":{"line":4,"column":0},"end":{"line":4,"column":58}},"3":{"start":{"line":10,"column":12},"end":{"line":10,"column":103}},"4":{"start":{"line":14,"column":4},"end":{"line":14,"column":46}},"5":{"start":{"line":18,"column":4},"end":{"line":18,"column":17}},"6":{"start":{"line":19,"column":4},"end":{"line":19,"column":33}},"7":{"start":{"line":23,"column":4},"end":{"line":23,"column":59}},"8":{"start":{"line":27,"column":4},"end":{"line":27,"column":56}},"9":{"start":{"line":31,"column":4},"end":{"line":31,"column":57}},"10":{"start":{"line":35,"column":49},"end":{"line":35,"column":51}},"11":{"start":{"line":36,"column":31},"end":{"line":36,"column":71}},"12":{"start":{"line":38,"column":4},"end":{"line":38,"column":45}},"13":{"start":{"line":40,"column":4},"end":{"line":40,"column":24}},"14":{"start":{"line":7,"column":0},"end":{"line":7,"column":21}}},"fnMap":{"0":{"name":"(anonymous_0)","decl":{"start":{"line":7,"column":0},"end":{"line":7,"column":21}},"loc":{"start":{"line":7,"column":0},"end":{"line":42,"column":1}}},"1":{"name":"(anonymous_1)","decl":{"start":{"line":13,"column":12},"end":{"line":13,"column":22}},"loc":{"start":{"line":13,"column":40},"end":{"line":15,"column":3}}},"2":{"name":"(anonymous_2)","decl":{"start":{"line":17,"column":2},"end":{"line":17,"column":6}},"loc":{"start":{"line":17,"column":6},"end":{"line":20,"column":3}}},"3":{"name":"(anonymous_3)","decl":{"start":{"line":22,"column":2},"end":{"line":22,"column":21}},"loc":{"start":{"line":22,"column":64},"end":{"line":24,"column":3}}},"4":{"name":"(anonymous_4)","decl":{"start":{"line":26,"column":2},"end":{"line":26,"column":28}},"loc":{"start":{"line":26,"column":46},"end":{"line":28,"column":3}}},"5":{"name":"(anonymous_5)","decl":{"start":{"line":30,"column":2},"end":{"line":30,"column":29}},"loc":{"start":{"line":30,"column":47},"end":{"line":32,"column":3}}},"6":{"name":"(anonymous_6)","decl":{"start":{"line":34,"column":2},"end":{"line":34,"column":17}},"loc":{"start":{"line":34,"column":35},"end":{"line":41,"column":3}}}},"branchMap":{},"s":{"0":1,"1":1,"2":1,"3":2,"4":32,"5":2,"6":2,"7":0,"8":1,"9":1,"10":27,"11":27,"12":27,"13":27,"14":1},"f":{"0":2,"1":32,"2":2,"3":0,"4":1,"5":1,"6":27},"b":{}}
,"/home/prog/git/ds/src/grid/edges/GridPoint2DEightEdges.ts": {"path":"/home/prog/git/ds/src/grid/edges/GridPoint2DEightEdges.ts","statementMap":{"0":{"start":{"line":3,"column":0},"end":{"line":3,"column":58}},"1":{"start":{"line":4,"column":0},"end":{"line":4,"column":53}},"2":{"start":{"line":8,"column":4},"end":{"line":8,"column":55}},"3":{"start":{"line":12,"column":4},"end":{"line":12,"column":58}},"4":{"start":{"line":16,"column":4},"end":{"line":16,"column":56}},"5":{"start":{"line":20,"column":4},"end":{"line":20,"column":59}},"6":{"start":{"line":24,"column":4},"end":{"line":24,"column":109}},"7":{"start":{"line":28,"column":4},"end":{"line":28,"column":111}},"8":{"start":{"line":32,"column":4},"end":{"line":32,"column":115}},"9":{"start":{"line":36,"column":4},"end":{"line":36,"column":117}},"10":{"start":{"line":40,"column":4},"end":{"line":40,"column":103}},"11":{"start":{"line":44,"column":4},"end":{"line":44,"column":20}},"12":{"start":{"line":6,"column":0},"end":{"line":6,"column":21}}},"fnMap":{"0":{"name":"(anonymous_0)","decl":{"start":{"line":7,"column":2},"end":{"line":7,"column":16}},"loc":{"start":{"line":7,"column":16},"end":{"line":9,"column":3}}},"1":{"name":"(anonymous_1)","decl":{"start":{"line":11,"column":2},"end":{"line":11,"column":19}},"loc":{"start":{"line":11,"column":19},"end":{"line":13,"column":3}}},"2":{"name":"(anonymous_2)","decl":{"start":{"line":15,"column":2},"end":{"line":15,"column":17}},"loc":{"start":{"line":15,"column":17},"end":{"line":17,"column":3}}},"3":{"name":"(anonymous_3)","decl":{"start":{"line":19,"column":2},"end":{"line":19,"column":20}},"loc":{"start":{"line":19,"column":20},"end":{"line":21,"column":3}}},"4":{"name":"(anonymous_4)","decl":{"start":{"line":23,"column":2},"end":{"line":23,"column":19}},"loc":{"start":{"line":23,"column":36},"end":{"line":25,"column":3}}},"5":{"name":"(anonymous_5)","decl":{"start":{"line":27,"column":2},"end":{"line":27,"column":20}},"loc":{"start":{"line":27,"column":37},"end":{"line":29,"column":3}}},"6":{"name":"(anonymous_6)","decl":{"start":{"line":31,"column":2},"end":{"line":31,"column":22}},"loc":{"start":{"line":31,"column":39},"end":{"line":33,"column":3}}},"7":{"name":"(anonymous_7)","decl":{"start":{"line":35,"column":2},"end":{"line":35,"column":23}},"loc":{"start":{"line":35,"column":40},"end":{"line":37,"column":3}}},"8":{"name":"(anonymous_8)","decl":{"start":{"line":39,"column":2},"end":{"line":39,"column":16}},"loc":{"start":{"line":39,"column":16},"end":{"line":41,"column":3}}},"9":{"name":"(anonymous_9)","decl":{"start":{"line":43,"column":2},"end":{"line":43,"column":14}},"loc":{"start":{"line":43,"column":31},"end":{"line":45,"column":3}}}},"branchMap":{"0":{"loc":{"start":{"line":24,"column":24},"end":{"line":24,"column":108}},"type":"cond-expr","locations":[{"start":{"line":24,"column":34},"end":{"line":24,"column":69}},{"start":{"line":24,"column":72},"end":{"line":24,"column":108}}]},"1":{"loc":{"start":{"line":28,"column":24},"end":{"line":28,"column":110}},"type":"cond-expr","locations":[{"start":{"line":28,"column":34},"end":{"line":28,"column":70}},{"start":{"line":28,"column":73},"end":{"line":28,"column":110}}]},"2":{"loc":{"start":{"line":32,"column":24},"end":{"line":32,"column":114}},"type":"cond-expr","locations":[{"start":{"line":32,"column":34},"end":{"line":32,"column":72}},{"start":{"line":32,"column":75},"end":{"line":32,"column":114}}]},"3":{"loc":{"start":{"line":36,"column":24},"end":{"line":36,"column":116}},"type":"cond-expr","locations":[{"start":{"line":36,"column":34},"end":{"line":36,"column":73}},{"start":{"line":36,"column":76},"end":{"line":36,"column":116}}]}},"s":{"0":1,"1":1,"2":0,"3":0,"4":0,"5":0,"6":0,"7":0,"8":0,"9":0,"10":0,"11":0,"12":1},"f":{"0":0,"1":0,"2":0,"3":0,"4":0,"5":0,"6":0,"7":0,"8":0,"9":0},"b":{"0":[0,0],"1":[0,0],"2":[0,0],"3":[0,0]}}
,"/home/prog/git/ds/src/grid/edges/GridPoint2DFourEdges.ts": {"path":"/home/prog/git/ds/src/grid/edges/GridPoint2DFourEdges.ts","statementMap":{"0":{"start":{"line":3,"column":0},"end":{"line":3,"column":37}},"1":{"start":{"line":4,"column":0},"end":{"line":4,"column":49}},"2":{"start":{"line":12,"column":4},"end":{"line":12,"column":52}},"3":{"start":{"line":16,"column":4},"end":{"line":16,"column":51}},"4":{"start":{"line":20,"column":4},"end":{"line":20,"column":53}},"5":{"start":{"line":24,"column":4},"end":{"line":24,"column":54}},"6":{"start":{"line":28,"column":4},"end":{"line":28,"column":103}},"7":{"start":{"line":32,"column":4},"end":{"line":32,"column":101}},"8":{"start":{"line":36,"column":4},"end":{"line":36,"column":105}},"9":{"start":{"line":40,"column":4},"end":{"line":40,"column":107}},"10":{"start":{"line":44,"column":4},"end":{"line":44,"column":20}},"11":{"start":{"line":46,"column":4},"end":{"line":46,"column":84}},"12":{"start":{"line":6,"column":0},"end":{"line":6,"column":21}}},"fnMap":{"0":{"name":"(anonymous_0)","decl":{"start":{"line":11,"column":2},"end":{"line":11,"column":13}},"loc":{"start":{"line":11,"column":13},"end":{"line":13,"column":3}}},"1":{"name":"(anonymous_1)","decl":{"start":{"line":15,"column":2},"end":{"line":15,"column":12}},"loc":{"start":{"line":15,"column":12},"end":{"line":17,"column":3}}},"2":{"name":"(anonymous_2)","decl":{"start":{"line":19,"column":2},"end":{"line":19,"column":14}},"loc":{"start":{"line":19,"column":14},"end":{"line":21,"column":3}}},"3":{"name":"(anonymous_3)","decl":{"start":{"line":23,"column":2},"end":{"line":23,"column":15}},"loc":{"start":{"line":23,"column":15},"end":{"line":25,"column":3}}},"4":{"name":"(anonymous_4)","decl":{"start":{"line":27,"column":2},"end":{"line":27,"column":16}},"loc":{"start":{"line":27,"column":33},"end":{"line":29,"column":3}}},"5":{"name":"(anonymous_5)","decl":{"start":{"line":31,"column":2},"end":{"line":31,"column":15}},"loc":{"start":{"line":31,"column":32},"end":{"line":33,"column":3}}},"6":{"name":"(anonymous_6)","decl":{"start":{"line":35,"column":2},"end":{"line":35,"column":17}},"loc":{"start":{"line":35,"column":34},"end":{"line":37,"column":3}}},"7":{"name":"(anonymous_7)","decl":{"start":{"line":39,"column":2},"end":{"line":39,"column":18}},"loc":{"start":{"line":39,"column":35},"end":{"line":41,"column":3}}},"8":{"name":"(anonymous_8)","decl":{"start":{"line":43,"column":2},"end":{"line":43,"column":14}},"loc":{"start":{"line":43,"column":31},"end":{"line":47,"column":3}}}},"branchMap":{"0":{"loc":{"start":{"line":28,"column":24},"end":{"line":28,"column":102}},"type":"cond-expr","locations":[{"start":{"line":28,"column":34},"end":{"line":28,"column":66}},{"start":{"line":28,"column":69},"end":{"line":28,"column":102}}]},"1":{"loc":{"start":{"line":32,"column":24},"end":{"line":32,"column":100}},"type":"cond-expr","locations":[{"start":{"line":32,"column":34},"end":{"line":32,"column":65}},{"start":{"line":32,"column":68},"end":{"line":32,"column":100}}]},"2":{"loc":{"start":{"line":36,"column":24},"end":{"line":36,"column":104}},"type":"cond-expr","locations":[{"start":{"line":36,"column":34},"end":{"line":36,"column":67}},{"start":{"line":36,"column":70},"end":{"line":36,"column":104}}]},"3":{"loc":{"start":{"line":40,"column":24},"end":{"line":40,"column":106}},"type":"cond-expr","locations":[{"start":{"line":40,"column":34},"end":{"line":40,"column":68}},{"start":{"line":40,"column":71},"end":{"line":40,"column":106}}]}},"s":{"0":1,"1":1,"2":27,"3":27,"4":27,"5":27,"6":1,"7":1,"8":1,"9":1,"10":32,"11":32,"12":1},"f":{"0":27,"1":27,"2":27,"3":27,"4":1,"5":1,"6":1,"7":1,"8":32},"b":{"0":[0,1],"1":[0,1],"2":[0,1],"3":[0,1]}}
,"/home/prog/git/ds/src/grid/edges/index.ts": {"path":"/home/prog/git/ds/src/grid/edges/index.ts","statementMap":{"0":{"start":{"line":1,"column":0},"end":{"line":1,"column":7}},"1":{"start":{"line":11,"column":2},"end":{"line":1,"column":30}},"2":{"start":{"line":2,"column":0},"end":{"line":2,"column":7}},"3":{"start":{"line":10,"column":2},"end":{"line":2,"column":48}},"4":{"start":{"line":4,"column":0},"end":{"line":4,"column":7}},"5":{"start":{"line":8,"column":2},"end":{"line":4,"column":60}},"6":{"start":{"line":5,"column":0},"end":{"line":5,"column":7}},"7":{"start":{"line":9,"column":2},"end":{"line":5,"column":58}}},"fnMap":{},"branchMap":{},"s":{"0":1,"1":1,"2":1,"3":1,"4":1,"5":1,"6":1,"7":1},"f":{},"b":{}}
,"/home/prog/git/ds/src/grid/edges/types.ts": {"path":"/home/prog/git/ds/src/grid/edges/types.ts","statementMap":{"0":{"start":{"line":2,"column":0},"end":{"line":2,"column":null}},"1":{"start":{"line":3,"column":2},"end":{"line":3,"column":null}},"2":{"start":{"line":4,"column":2},"end":{"line":4,"column":null}},"3":{"start":{"line":5,"column":2},"end":{"line":5,"column":null}},"4":{"start":{"line":6,"column":2},"end":{"line":6,"column":null}},"5":{"start":{"line":7,"column":2},"end":{"line":7,"column":null}},"6":{"start":{"line":8,"column":2},"end":{"line":8,"column":null}},"7":{"start":{"line":9,"column":2},"end":{"line":9,"column":null}},"8":{"start":{"line":10,"column":2},"end":{"line":10,"column":null}}},"fnMap":{"0":{"name":"(anonymous_0)","decl":{"start":{"line":2,"column":0},"end":{"line":2,"column":12}},"loc":{"start":{"line":2,"column":19},"end":{"line":11,"column":1}}}},"branchMap":{"0":{"loc":{"start":{"line":2,"column":12},"end":{"line":2,"column":null}},"type":"binary-expr","locations":[{"start":{"line":2,"column":12},"end":{"line":2,"column":19}},{"start":{"line":2,"column":12},"end":{"line":2,"column":null}}]}},"s":{"0":1,"1":1,"2":1,"3":1,"4":1,"5":1,"6":1,"7":1,"8":1},"f":{"0":1},"b":{"0":[1,1]}}
,"/home/prog/git/ds/src/multi-array/MultiArray.ts": {"path":"/home/prog/git/ds/src/multi-array/MultiArray.ts","statementMap":{"0":{"start":{"line":3,"column":0},"end":{"line":3,"column":null}},"1":{"start":{"line":8,"column":6},"end":{"line":8,"column":40}},"2":{"start":{"line":6,"column":15},"end":{"line":10,"column":null}},"3":{"start":{"line":20,"column":4},"end":{"line":20,"column":86}},"4":{"start":{"line":19,"column":18},"end":{"line":21,"column":null}},"5":{"start":{"line":24,"column":4},"end":{"line":29,"column":null}},"6":{"start":{"line":25,"column":6},"end":{"line":26,"column":17}},"7":{"start":{"line":26,"column":8},"end":{"line":26,"column":17}},"8":{"start":{"line":28,"column":6},"end":{"line":28,"column":46}},"9":{"start":{"line":31,"column":18},"end":{"line":31,"column":31}},"10":{"start":{"line":32,"column":21},"end":{"line":32,"column":43}},"11":{"start":{"line":33,"column":38},"end":{"line":33,"column":71}},"12":{"start":{"line":35,"column":4},"end":{"line":35,"column":49}},"13":{"start":{"line":23,"column":18},"end":{"line":36,"column":null}},"14":{"start":{"line":39,"column":4},"end":{"line":40,"column":44}},"15":{"start":{"line":40,"column":6},"end":{"line":40,"column":44}},"16":{"start":{"line":42,"column":4},"end":{"line":50,"column":null}},"17":{"start":{"line":43,"column":6},"end":{"line":44,"column":53}},"18":{"start":{"line":44,"column":8},"end":{"line":44,"column":53}},"19":{"start":{"line":47,"column":6},"end":{"line":47,"column":31}},"20":{"start":{"line":49,"column":6},"end":{"line":49,"column":13}},"21":{"start":{"line":52,"column":18},"end":{"line":52,"column":31}},"22":{"start":{"line":53,"column":21},"end":{"line":53,"column":43}},"23":{"start":{"line":54,"column":38},"end":{"line":54,"column":71}},"24":{"start":{"line":56,"column":4},"end":{"line":56,"column":49}},"25":{"start":{"line":38,"column":18},"end":{"line":57,"column":null}},"26":{"start":{"line":62,"column":2},"end":{"line":66,"column":null}},"27":{"start":{"line":63,"column":20},"end":{"line":63,"column":57}},"28":{"start":{"line":65,"column":4},"end":{"line":65,"column":19}},"29":{"start":{"line":68,"column":41},"end":{"line":68,"column":90}},"30":{"start":{"line":70,"column":2},"end":{"line":71,"column":83}},"31":{"start":{"line":70,"column":15},"end":{"line":70,"column":16}},"32":{"start":{"line":71,"column":4},"end":{"line":71,"column":83}},"33":{"start":{"line":73,"column":2},"end":{"line":73,"column":17}}},"fnMap":{"0":{"name":"(anonymous_0)","decl":{"start":{"line":3,"column":0},"end":{"line":3,"column":17}},"loc":{"start":{"line":3,"column":27},"end":{"line":58,"column":1}}},"1":{"name":"(anonymous_1)","decl":{"start":{"line":7,"column":4},"end":{"line":7,"column":null}},"loc":{"start":{"line":7,"column":4},"end":{"line":9,"column":5}}},"2":{"name":"create","decl":{"start":{"line":19,"column":18},"end":{"line":19,"column":24}},"loc":{"start":{"line":19,"column":107},"end":{"line":21,"column":3}}},"3":{"name":"get","decl":{"start":{"line":23,"column":18},"end":{"line":23,"column":21}},"loc":{"start":{"line":23,"column":83},"end":{"line":36,"column":3}}},"4":{"name":"set","decl":{"start":{"line":38,"column":18},"end":{"line":38,"column":21}},"loc":{"start":{"line":38,"column":93},"end":{"line":57,"column":3}}},"5":{"name":"innerCreate","decl":{"start":{"line":61,"column":9},"end":{"line":61,"column":20}},"loc":{"start":{"line":61,"column":129},"end":{"line":74,"column":1}}}},"branchMap":{"0":{"loc":{"start":{"line":24,"column":4},"end":{"line":29,"column":null}},"type":"if","locations":[{"start":{"line":24,"column":4},"end":{"line":29,"column":null}}]},"1":{"loc":{"start":{"line":24,"column":8},"end":{"line":24,"column":46}},"type":"binary-expr","locations":[{"start":{"line":24,"column":8},"end":{"line":24,"column":19}},{"start":{"line":24,"column":23},"end":{"line":24,"column":46}}]},"2":{"loc":{"start":{"line":25,"column":6},"end":{"line":26,"column":17}},"type":"if","locations":[{"start":{"line":25,"column":6},"end":{"line":26,"column":17}}]},"3":{"loc":{"start":{"line":39,"column":4},"end":{"line":40,"column":44}},"type":"if","locations":[{"start":{"line":39,"column":4},"end":{"line":40,"column":44}}]},"4":{"loc":{"start":{"line":39,"column":8},"end":{"line":39,"column":46}},"type":"binary-expr","locations":[{"start":{"line":39,"column":8},"end":{"line":39,"column":19}},{"start":{"line":39,"column":23},"end":{"line":39,"column":46}}]},"5":{"loc":{"start":{"line":42,"column":4},"end":{"line":50,"column":null}},"type":"if","locations":[{"start":{"line":42,"column":4},"end":{"line":50,"column":null}}]},"6":{"loc":{"start":{"line":42,"column":8},"end":{"line":42,"column":45}},"type":"binary-expr","locations":[{"start":{"line":42,"column":8},"end":{"line":42,"column":18}},{"start":{"line":42,"column":22},"end":{"line":42,"column":45}}]},"7":{"loc":{"start":{"line":43,"column":6},"end":{"line":44,"column":53}},"type":"if","locations":[{"start":{"line":43,"column":6},"end":{"line":44,"column":53}}]},"8":{"loc":{"start":{"line":3,"column":17},"end":{"line":3,"column":null}},"type":"binary-expr","locations":[{"start":{"line":3,"column":17},"end":{"line":3,"column":27}},{"start":{"line":3,"column":17},"end":{"line":3,"column":null}}]},"9":{"loc":{"start":{"line":62,"column":2},"end":{"line":66,"column":null}},"type":"if","locations":[{"start":{"line":62,"column":2},"end":{"line":66,"column":null}}]}},"s":{"0":2,"1":0,"2":2,"3":5,"4":2,"5":369,"6":123,"7":123,"8":0,"9":246,"10":246,"11":246,"12":246,"13":2,"14":6,"15":0,"16":6,"17":3,"18":0,"19":3,"20":3,"21":3,"22":3,"23":3,"24":3,"25":2,"26":76,"27":53,"28":53,"29":23,"30":23,"31":23,"32":71,"33":23},"f":{"0":2,"1":0,"2":5,"3":369,"4":6,"5":76},"b":{"0":[123],"1":[369,369],"2":[123],"3":[0],"4":[6,6],"5":[3],"6":[6,6],"7":[0],"8":[2,2],"9":[53]}}
,"/home/prog/git/ds/src/multi-array/index.ts": {"path":"/home/prog/git/ds/src/multi-array/index.ts","statementMap":{"0":{"start":{"line":2,"column":0},"end":{"line":2,"column":null}},"1":{"start":{"line":3,"column":2},"end":{"line":3,"column":null}}},"fnMap":{"0":{"name":"(anonymous_0)","decl":{"start":{"line":3,"column":2},"end":{"line":3,"column":12}},"loc":{"start":{"line":3,"column":2},"end":{"line":3,"column":null}}}},"branchMap":{},"s":{"0":1,"1":120},"f":{"0":119},"b":{}}
,"/home/prog/git/ds/src/path-finding/a-star/AStar.ts": {"path":"/home/prog/git/ds/src/path-finding/a-star/AStar.ts","statementMap":{"0":{"start":{"line":1,"column":0},"end":{"line":1,"column":36}},"1":{"start":{"line":2,"column":0},"end":{"line":2,"column":44}},"2":{"start":{"line":41,"column":10},"end":{"line":41,"column":41}},"3":{"start":{"line":45,"column":10},"end":{"line":45,"column":49}},"4":{"start":{"line":48,"column":4},"end":{"line":48,"column":27}},"5":{"start":{"line":49,"column":4},"end":{"line":49,"column":23}},"6":{"start":{"line":50,"column":4},"end":{"line":50,"column":15}},"7":{"start":{"line":51,"column":4},"end":{"line":51,"column":31}},"8":{"start":{"line":52,"column":4},"end":{"line":52,"column":41}},"9":{"start":{"line":56,"column":15},"end":{"line":56,"column":53}},"10":{"start":{"line":58,"column":4},"end":{"line":61,"column":null}},"11":{"start":{"line":59,"column":6},"end":{"line":59,"column":29}},"12":{"start":{"line":60,"column":6},"end":{"line":60,"column":49}},"13":{"start":{"line":63,"column":4},"end":{"line":63,"column":16}},"14":{"start":{"line":67,"column":4},"end":{"line":67,"column":55}},"15":{"start":{"line":72,"column":4},"end":{"line":72,"column":31}},"16":{"start":{"line":73,"column":4},"end":{"line":73,"column":31}},"17":{"start":{"line":74,"column":4},"end":{"line":74,"column":54}},"18":{"start":{"line":75,"column":4},"end":{"line":75,"column":33}},"19":{"start":{"line":76,"column":4},"end":{"line":76,"column":25}},"20":{"start":{"line":80,"column":4},"end":{"line":80,"column":33}},"21":{"start":{"line":85,"column":4},"end":{"line":85,"column":16}},"22":{"start":{"line":87,"column":4},"end":{"line":147,"column":null}},"23":{"start":{"line":89,"column":24},"end":{"line":89,"column":25}},"24":{"start":{"line":90,"column":28},"end":{"line":90,"column":54}},"25":{"start":{"line":92,"column":6},"end":{"line":97,"column":10}},"26":{"start":{"line":93,"column":8},"end":{"line":96,"column":null}},"27":{"start":{"line":94,"column":10},"end":{"line":94,"column":30}},"28":{"start":{"line":95,"column":10},"end":{"line":95,"column":33}},"29":{"start":{"line":99,"column":22},"end":{"line":99,"column":37}},"30":{"start":{"line":100,"column":26},"end":{"line":100,"column":72}},"31":{"start":{"line":102,"column":6},"end":{"line":120,"column":null}},"32":{"start":{"line":103,"column":19},"end":{"line":103,"column":26}},"33":{"start":{"line":105,"column":8},"end":{"line":108,"column":12}},"34":{"start":{"line":110,"column":8},"end":{"line":116,"column":null}},"35":{"start":{"line":111,"column":10},"end":{"line":114,"column":14}},"36":{"start":{"line":115,"column":10},"end":{"line":115,"column":29}},"37":{"start":{"line":119,"column":8},"end":{"line":119,"column":41}},"38":{"start":{"line":123,"column":6},"end":{"line":123,"column":43}},"39":{"start":{"line":125,"column":6},"end":{"line":125,"column":34}},"40":{"start":{"line":127,"column":28},"end":{"line":127,"column":66}},"41":{"start":{"line":129,"column":6},"end":{"line":146,"column":null}},"42":{"start":{"line":130,"column":25},"end":{"line":130,"column":59}},"43":{"start":{"line":132,"column":8},"end":{"line":145,"column":null}},"44":{"start":{"line":133,"column":28},"end":{"line":133,"column":59}},"45":{"start":{"line":135,"column":10},"end":{"line":139,"column":21}},"46":{"start":{"line":136,"column":12},"end":{"line":136,"column":41}},"47":{"start":{"line":137,"column":15},"end":{"line":139,"column":21}},"48":{"start":{"line":139,"column":12},"end":{"line":139,"column":21}},"49":{"start":{"line":141,"column":10},"end":{"line":141,"column":33}},"50":{"start":{"line":142,"column":10},"end":{"line":142,"column":64}},"51":{"start":{"line":143,"column":10},"end":{"line":143,"column":47}},"52":{"start":{"line":144,"column":10},"end":{"line":144,"column":36}},"53":{"start":{"line":150,"column":4},"end":{"line":150,"column":14}},"54":{"start":{"line":26,"column":0},"end":{"line":26,"column":30}},"55":{"start":{"line":156,"column":2},"end":{"line":156,"column":20}}},"fnMap":{"0":{"name":"(anonymous_0)","decl":{"start":{"line":47,"column":2},"end":{"line":47,"column":15}},"loc":{"start":{"line":47,"column":60},"end":{"line":53,"column":3}}},"1":{"name":"(anonymous_1)","decl":{"start":{"line":55,"column":10},"end":{"line":55,"column":25}},"loc":{"start":{"line":55,"column":33},"end":{"line":64,"column":3}}},"2":{"name":"(anonymous_2)","decl":{"start":{"line":66,"column":2},"end":{"line":66,"column":15}},"loc":{"start":{"line":66,"column":31},"end":{"line":68,"column":3}}},"3":{"name":"(anonymous_3)","decl":{"start":{"line":71,"column":12},"end":{"line":71,"column":16}},"loc":{"start":{"line":71,"column":16},"end":{"line":77,"column":3}}},"4":{"name":"(anonymous_4)","decl":{"start":{"line":79,"column":12},"end":{"line":79,"column":17}},"loc":{"start":{"line":79,"column":25},"end":{"line":81,"column":3}}},"5":{"name":"(anonymous_5)","decl":{"start":{"line":84,"column":2},"end":{"line":84,"column":8}},"loc":{"start":{"line":84,"column":8},"end":{"line":151,"column":3}}},"6":{"name":"(anonymous_6)","decl":{"start":{"line":92,"column":28},"end":{"line":92,"column":29}},"loc":{"start":{"line":92,"column":44},"end":{"line":97,"column":7}}},"7":{"name":"defaultCalcG","decl":{"start":{"line":155,"column":9},"end":{"line":155,"column":21}},"loc":{"start":{"line":155,"column":57},"end":{"line":157,"column":1}}}},"branchMap":{"0":{"loc":{"start":{"line":51,"column":13},"end":{"line":51,"column":30}},"type":"cond-expr","locations":[{"start":{"line":51,"column":13},"end":{"line":51,"column":14}},{"start":{"line":51,"column":18},"end":{"line":51,"column":30}}]},"1":{"loc":{"start":{"line":51,"column":13},"end":{"line":51,"column":18}},"type":"binary-expr","locations":[{"start":{"line":51,"column":13},"end":{"line":51,"column":18}},{"start":{"line":51,"column":13},"end":{"line":51,"column":18}}]},"2":{"loc":{"start":{"line":58,"column":4},"end":{"line":61,"column":null}},"type":"if","locations":[{"start":{"line":58,"column":4},"end":{"line":61,"column":null}}]},"3":{"loc":{"start":{"line":93,"column":8},"end":{"line":96,"column":null}},"type":"if","locations":[{"start":{"line":93,"column":8},"end":{"line":96,"column":null}}]},"4":{"loc":{"start":{"line":102,"column":6},"end":{"line":120,"column":null}},"type":"if","locations":[{"start":{"line":102,"column":6},"end":{"line":120,"column":null}}]},"5":{"loc":{"start":{"line":132,"column":8},"end":{"line":145,"column":null}},"type":"if","locations":[{"start":{"line":132,"column":8},"end":{"line":145,"column":null}}]},"6":{"loc":{"start":{"line":135,"column":10},"end":{"line":139,"column":21}},"type":"if","locations":[{"start":{"line":135,"column":10},"end":{"line":139,"column":21}},{"start":{"line":137,"column":15},"end":{"line":139,"column":21}}]},"7":{"loc":{"start":{"line":137,"column":15},"end":{"line":139,"column":21}},"type":"if","locations":[{"start":{"line":137,"column":15},"end":{"line":139,"column":21}}]}},"s":{"0":1,"1":1,"2":2,"3":2,"4":2,"5":2,"6":2,"7":2,"8":2,"9":84,"10":84,"11":32,"12":32,"13":84,"14":0,"15":2,"16":2,"17":2,"18":2,"19":2,"20":29,"21":2,"22":2,"23":29,"24":29,"25":29,"26":101,"27":7,"28":7,"29":29,"30":29,"31":29,"32":2,"33":2,"34":2,"35":12,"36":12,"37":2,"38":27,"39":27,"40":27,"41":27,"42":82,"43":82,"44":44,"45":44,"46":30,"47":14,"48":14,"49":30,"50":30,"51":30,"52":30,"53":0,"54":1,"55":44},"f":{"0":2,"1":84,"2":0,"3":2,"4":29,"5":2,"6":101,"7":44},"b":{"0":[0,2],"1":[2,2],"2":[32],"3":[7],"4":[2],"5":[44],"6":[30,14],"7":[14]}}
,"/home/prog/git/ds/src/path-finding/a-star/AStar2D.ts": {"path":"/home/prog/git/ds/src/path-finding/a-star/AStar2D.ts","statementMap":{"0":{"start":{"line":2,"column":0},"end":{"line":2,"column":56}},"1":{"start":{"line":5,"column":50},"end":{"line":10,"column":1}},"2":{"start":{"line":6,"column":13},"end":{"line":6,"column":54}},"3":{"start":{"line":7,"column":13},"end":{"line":7,"column":54}},"4":{"start":{"line":9,"column":2},"end":{"line":9,"column":17}},"5":{"start":{"line":25,"column":4},"end":{"line":30,"column":8}},"6":{"start":{"line":29,"column":45},"end":{"line":29,"column":84}},"7":{"start":{"line":31,"column":4},"end":{"line":31,"column":21}},"8":{"start":{"line":35,"column":4},"end":{"line":35,"column":21}},"9":{"start":{"line":18,"column":0},"end":{"line":18,"column":21}}},"fnMap":{"0":{"name":"(anonymous_0)","decl":{"start":{"line":5,"column":50},"end":{"line":5,"column":51}},"loc":{"start":{"line":5,"column":87},"end":{"line":10,"column":1}}},"1":{"name":"(anonymous_1)","decl":{"start":{"line":21,"column":2},"end":{"line":21,"column":15}},"loc":{"start":{"line":24,"column":34},"end":{"line":32,"column":3}}},"2":{"name":"(anonymous_2)","decl":{"start":{"line":29,"column":22},"end":{"line":29,"column":23}},"loc":{"start":{"line":29,"column":45},"end":{"line":29,"column":84}}},"3":{"name":"(anonymous_3)","decl":{"start":{"line":34,"column":2},"end":{"line":34,"column":9}},"loc":{"start":{"line":34,"column":9},"end":{"line":36,"column":3}}}},"branchMap":{"0":{"loc":{"start":{"line":24,"column":4},"end":{"line":24,"column":25}},"type":"default-arg","locations":[{"start":{"line":24,"column":8},"end":{"line":24,"column":25}}]}},"s":{"0":1,"1":1,"2":30,"3":30,"4":30,"5":2,"6":27,"7":2,"8":0,"9":1},"f":{"0":30,"1":2,"2":27,"3":0},"b":{"0":[2]}}
,"/home/prog/git/ds/src/path-finding/a-star/AStarNode.ts": {"path":"/home/prog/git/ds/src/path-finding/a-star/AStarNode.ts","statementMap":{"0":{"start":{"line":13,"column":4},"end":{"line":13,"column":15}},"1":{"start":{"line":14,"column":4},"end":{"line":14,"column":15}},"2":{"start":{"line":15,"column":4},"end":{"line":15,"column":15}},"3":{"start":{"line":16,"column":4},"end":{"line":16,"column":28}},"4":{"start":{"line":20,"column":4},"end":{"line":20,"column":78}},"5":{"start":{"line":1,"column":0},"end":{"line":1,"column":21}}},"fnMap":{"0":{"name":"(anonymous_0)","decl":{"start":{"line":12,"column":2},"end":{"line":12,"column":null}},"loc":{"start":{"line":12,"column":2},"end":{"line":17,"column":3}}},"1":{"name":"(anonymous_1)","decl":{"start":{"line":19,"column":2},"end":{"line":19,"column":10}},"loc":{"start":{"line":19,"column":10},"end":{"line":21,"column":3}}}},"branchMap":{"0":{"loc":{"start":{"line":20,"column":11},"end":{"line":20,"column":77}},"type":"cond-expr","locations":[{"start":{"line":20,"column":23},"end":{"line":20,"column":27}},{"start":{"line":20,"column":27},"end":{"line":20,"column":77}}]},"1":{"loc":{"start":{"line":20,"column":11},"end":{"line":20,"column":27}},"type":"binary-expr","locations":[{"start":{"line":20,"column":11},"end":{"line":20,"column":27}},{"start":{"line":20,"column":23},"end":{"line":20,"column":27}}]}},"s":{"0":32,"1":32,"2":32,"3":32,"4":0,"5":1},"f":{"0":32,"1":0},"b":{"0":[0,0],"1":[0,0]}}
,"/home/prog/git/ds/src/path-finding/a-star/BiMap.ts": {"path":"/home/prog/git/ds/src/path-finding/a-star/BiMap.ts","statementMap":{"0":{"start":{"line":7,"column":4},"end":{"line":7,"column":38}},"1":{"start":{"line":8,"column":4},"end":{"line":8,"column":40}},"2":{"start":{"line":12,"column":4},"end":{"line":12,"column":32}},"3":{"start":{"line":16,"column":4},"end":{"line":16,"column":32}},"4":{"start":{"line":20,"column":4},"end":{"line":20,"column":36}},"5":{"start":{"line":24,"column":4},"end":{"line":24,"column":40}},"6":{"start":{"line":28,"column":4},"end":{"line":28,"column":36}},"7":{"start":{"line":29,"column":4},"end":{"line":29,"column":38}},"8":{"start":{"line":33,"column":4},"end":{"line":33,"column":32}},"9":{"start":{"line":37,"column":4},"end":{"line":44,"column":null}},"10":{"start":{"line":38,"column":23},"end":{"line":38,"column":52}},"11":{"start":{"line":40,"column":6},"end":{"line":40,"column":34}},"12":{"start":{"line":41,"column":6},"end":{"line":41,"column":38}},"13":{"start":{"line":43,"column":6},"end":{"line":43,"column":19}},"14":{"start":{"line":46,"column":4},"end":{"line":46,"column":21}},"15":{"start":{"line":50,"column":4},"end":{"line":57,"column":null}},"16":{"start":{"line":51,"column":21},"end":{"line":51,"column":54}},"17":{"start":{"line":53,"column":6},"end":{"line":53,"column":34}},"18":{"start":{"line":54,"column":6},"end":{"line":54,"column":38}},"19":{"start":{"line":56,"column":6},"end":{"line":56,"column":17}},"20":{"start":{"line":59,"column":4},"end":{"line":59,"column":21}},"21":{"start":{"line":63,"column":4},"end":{"line":63,"column":36}},"22":{"start":{"line":67,"column":4},"end":{"line":67,"column":40}},"23":{"start":{"line":71,"column":4},"end":{"line":71,"column":28}},"24":{"start":{"line":72,"column":4},"end":{"line":72,"column":30}},"25":{"start":{"line":1,"column":0},"end":{"line":1,"column":21}}},"fnMap":{"0":{"name":"(anonymous_0)","decl":{"start":{"line":6,"column":2},"end":{"line":6,"column":null}},"loc":{"start":{"line":6,"column":2},"end":{"line":9,"column":3}}},"1":{"name":"(anonymous_1)","decl":{"start":{"line":11,"column":9},"end":{"line":11,"column":12}},"loc":{"start":{"line":11,"column":19},"end":{"line":13,"column":3}}},"2":{"name":"(anonymous_2)","decl":{"start":{"line":15,"column":9},"end":{"line":15,"column":12}},"loc":{"start":{"line":15,"column":29},"end":{"line":17,"column":3}}},"3":{"name":"(anonymous_3)","decl":{"start":{"line":19,"column":9},"end":{"line":19,"column":19}},"loc":{"start":{"line":19,"column":26},"end":{"line":21,"column":3}}},"4":{"name":"(anonymous_4)","decl":{"start":{"line":23,"column":9},"end":{"line":23,"column":21}},"loc":{"start":{"line":23,"column":30},"end":{"line":25,"column":3}}},"5":{"name":"(anonymous_5)","decl":{"start":{"line":27,"column":9},"end":{"line":27,"column":19}},"loc":{"start":{"line":27,"column":36},"end":{"line":30,"column":3}}},"6":{"name":"(anonymous_6)","decl":{"start":{"line":32,"column":9},"end":{"line":32,"column":21}},"loc":{"start":{"line":32,"column":38},"end":{"line":34,"column":3}}},"7":{"name":"(anonymous_7)","decl":{"start":{"line":36,"column":9},"end":{"line":36,"column":20}},"loc":{"start":{"line":36,"column":27},"end":{"line":47,"column":3}}},"8":{"name":"(anonymous_8)","decl":{"start":{"line":49,"column":9},"end":{"line":49,"column":22}},"loc":{"start":{"line":49,"column":31},"end":{"line":60,"column":3}}},"9":{"name":"(anonymous_9)","decl":{"start":{"line":62,"column":9},"end":{"line":62,"column":15}},"loc":{"start":{"line":62,"column":22},"end":{"line":64,"column":3}}},"10":{"name":"(anonymous_10)","decl":{"start":{"line":66,"column":9},"end":{"line":66,"column":17}},"loc":{"start":{"line":66,"column":26},"end":{"line":68,"column":3}}},"11":{"name":"(anonymous_11)","decl":{"start":{"line":70,"column":9},"end":{"line":70,"column":14}},"loc":{"start":{"line":70,"column":14},"end":{"line":73,"column":3}}}},"branchMap":{"0":{"loc":{"start":{"line":37,"column":4},"end":{"line":44,"column":null}},"type":"if","locations":[{"start":{"line":37,"column":4},"end":{"line":44,"column":null}}]},"1":{"loc":{"start":{"line":50,"column":4},"end":{"line":57,"column":null}},"type":"if","locations":[{"start":{"line":50,"column":4},"end":{"line":57,"column":null}}]}},"s":{"0":2,"1":2,"2":0,"3":0,"4":43,"5":84,"6":32,"7":32,"8":0,"9":0,"10":0,"11":0,"12":0,"13":0,"14":0,"15":0,"16":0,"17":0,"18":0,"19":0,"20":0,"21":0,"22":0,"23":2,"24":2,"25":1},"f":{"0":2,"1":0,"2":0,"3":43,"4":84,"5":32,"6":0,"7":0,"8":0,"9":0,"10":0,"11":2},"b":{"0":[0],"1":[0]}}
,"/home/prog/git/ds/src/path-finding/a-star/BiMapNodeData.ts": {"path":"/home/prog/git/ds/src/path-finding/a-star/BiMapNodeData.ts","statementMap":{"0":{"start":{"line":2,"column":0},"end":{"line":2,"column":28}},"1":{"start":{"line":5,"column":10},"end":{"line":5,"column":44}},"2":{"start":{"line":8,"column":4},"end":{"line":8,"column":39}},"3":{"start":{"line":12,"column":4},"end":{"line":12,"column":41}},"4":{"start":{"line":16,"column":4},"end":{"line":16,"column":38}},"5":{"start":{"line":20,"column":4},"end":{"line":20,"column":23}},"6":{"start":{"line":4,"column":0},"end":{"line":4,"column":21}}},"fnMap":{"0":{"name":"(anonymous_0)","decl":{"start":{"line":4,"column":0},"end":{"line":4,"column":21}},"loc":{"start":{"line":4,"column":0},"end":{"line":22,"column":1}}},"1":{"name":"(anonymous_1)","decl":{"start":{"line":7,"column":2},"end":{"line":7,"column":15}},"loc":{"start":{"line":7,"column":31},"end":{"line":9,"column":3}}},"2":{"name":"(anonymous_2)","decl":{"start":{"line":11,"column":2},"end":{"line":11,"column":15}},"loc":{"start":{"line":11,"column":23},"end":{"line":13,"column":3}}},"3":{"name":"(anonymous_3)","decl":{"start":{"line":15,"column":2},"end":{"line":15,"column":13}},"loc":{"start":{"line":15,"column":38},"end":{"line":17,"column":3}}},"4":{"name":"(anonymous_4)","decl":{"start":{"line":19,"column":2},"end":{"line":19,"column":7}},"loc":{"start":{"line":19,"column":7},"end":{"line":21,"column":3}}}},"branchMap":{},"s":{"0":1,"1":2,"2":43,"3":84,"4":32,"5":2,"6":1},"f":{"0":2,"1":43,"2":84,"3":32,"4":2},"b":{}}
,"/home/prog/git/ds/src/path-finding/a-star/index.ts": {"path":"/home/prog/git/ds/src/path-finding/a-star/index.ts","statementMap":{"0":{"start":{"line":1,"column":0},"end":{"line":1,"column":null}},"1":{"start":{"line":2,"column":2},"end":{"line":2,"column":18}},"2":{"start":{"line":5,"column":0},"end":{"line":5,"column":null}},"3":{"start":{"line":6,"column":2},"end":{"line":6,"column":20}},"4":{"start":{"line":9,"column":0},"end":{"line":9,"column":null}},"5":{"start":{"line":10,"column":2},"end":{"line":10,"column":22}}},"fnMap":{"0":{"name":"(anonymous_1)","decl":{"start":{"line":2,"column":2},"end":{"line":2,"column":9}},"loc":{"start":{"line":2,"column":2},"end":{"line":2,"column":18}}},"1":{"name":"(anonymous_2)","decl":{"start":{"line":6,"column":2},"end":{"line":6,"column":9}},"loc":{"start":{"line":6,"column":2},"end":{"line":6,"column":20}}},"2":{"name":"(anonymous_3)","decl":{"start":{"line":10,"column":2},"end":{"line":10,"column":9}},"loc":{"start":{"line":10,"column":2},"end":{"line":10,"column":22}}}},"branchMap":{},"s":{"0":1,"1":1,"2":1,"3":3,"4":1,"5":1},"f":{"0":0,"1":2,"2":0},"b":{}}
,"/home/prog/git/ds/tests/utils.ts": {"path":"/home/prog/git/ds/tests/utils.ts","statementMap":{"0":{"start":{"line":6,"column":2},"end":{"line":7,"column":41}},"1":{"start":{"line":7,"column":4},"end":{"line":7,"column":41}},"2":{"start":{"line":9,"column":2},"end":{"line":9,"column":47}},"3":{"start":{"line":5,"column":0},"end":{"line":5,"column":16}},"4":{"start":{"line":13,"column":2},"end":{"line":14,"column":45}},"5":{"start":{"line":14,"column":4},"end":{"line":14,"column":45}},"6":{"start":{"line":16,"column":2},"end":{"line":17,"column":90}},"7":{"start":{"line":17,"column":4},"end":{"line":17,"column":90}},"8":{"start":{"line":12,"column":0},"end":{"line":12,"column":16}},"9":{"start":{"line":21,"column":2},"end":{"line":21,"column":44}},"10":{"start":{"line":20,"column":0},"end":{"line":20,"column":16}},"11":{"start":{"line":25,"column":2},"end":{"line":26,"column":85}},"12":{"start":{"line":26,"column":4},"end":{"line":26,"column":85}},"13":{"start":{"line":28,"column":2},"end":{"line":30,"column":6}},"14":{"start":{"line":29,"column":4},"end":{"line":29,"column":55}},"15":{"start":{"line":24,"column":0},"end":{"line":24,"column":16}}},"fnMap":{"0":{"name":"expectNodePosition","decl":{"start":{"line":5,"column":16},"end":{"line":5,"column":34}},"loc":{"start":{"line":5,"column":98},"end":{"line":10,"column":1}}},"1":{"name":"expectPosition","decl":{"start":{"line":12,"column":16},"end":{"line":12,"column":30}},"loc":{"start":{"line":12,"column":89},"end":{"line":18,"column":1}}},"2":{"name":"positionStringify","decl":{"start":{"line":20,"column":16},"end":{"line":20,"column":33}},"loc":{"start":{"line":20,"column":72},"end":{"line":22,"column":1}}},"3":{"name":"expectPath","decl":{"start":{"line":24,"column":16},"end":{"line":24,"column":26}},"loc":{"start":{"line":24,"column":99},"end":{"line":31,"column":1}}},"4":{"name":"(anonymous_4)","decl":{"start":{"line":28,"column":15},"end":{"line":28,"column":16}},"loc":{"start":{"line":28,"column":35},"end":{"line":30,"column":3}}}},"branchMap":{"0":{"loc":{"start":{"line":6,"column":2},"end":{"line":7,"column":41}},"type":"if","locations":[{"start":{"line":6,"column":2},"end":{"line":7,"column":41}}]},"1":{"loc":{"start":{"line":13,"column":2},"end":{"line":14,"column":45}},"type":"if","locations":[{"start":{"line":13,"column":2},"end":{"line":14,"column":45}}]},"2":{"loc":{"start":{"line":13,"column":6},"end":{"line":13,"column":26}},"type":"binary-expr","locations":[{"start":{"line":13,"column":6},"end":{"line":13,"column":13}},{"start":{"line":13,"column":17},"end":{"line":13,"column":26}}]},"3":{"loc":{"start":{"line":16,"column":2},"end":{"line":17,"column":90}},"type":"if","locations":[{"start":{"line":16,"column":2},"end":{"line":17,"column":90}}]},"4":{"loc":{"start":{"line":16,"column":6},"end":{"line":16,"column":60}},"type":"binary-expr","locations":[{"start":{"line":16,"column":6},"end":{"line":16,"column":31}},{"start":{"line":16,"column":35},"end":{"line":16,"column":60}}]},"5":{"loc":{"start":{"line":25,"column":2},"end":{"line":26,"column":85}},"type":"if","locations":[{"start":{"line":25,"column":2},"end":{"line":26,"column":85}}]}},"s":{"0":14,"1":0,"2":14,"3":1,"4":14,"5":0,"6":14,"7":0,"8":1,"9":0,"10":1,"11":2,"12":0,"13":2,"14":14,"15":1},"f":{"0":14,"1":14,"2":0,"3":2,"4":14},"b":{"0":[0],"1":[0],"2":[14,14],"3":[0],"4":[14,14],"5":[0]}}
}
