TN:
SF:src/utils.ts
FN:5,showPath
FN:10,assertDefined
FNF:2
FNH:1
FNDA:0,showPath
FNDA:29,assertDefined
DA:5,1
DA:6,0
DA:7,0
DA:10,1
DA:11,29
DA:12,0
LF:6
LH:3
BRDA:11,0,0,0
BRF:1
BRH:0
end_of_record
TN:
SF:src/graph/Graph.ts
FN:10,(anonymous_0)
FN:13,(anonymous_1)
FN:21,(anonymous_2)
FNF:3
FNH:2
FNDA:2,(anonymous_0)
FNDA:0,(anonymous_1)
FNDA:27,(anonymous_2)
DA:7,1
DA:11,2
DA:14,0
DA:18,2
DA:22,27
LF:5
LH:4
BRDA:11,0,0,2
BRDA:11,0,1,0
BRDA:11,1,0,2
BRDA:11,1,1,2
BRF:4
BRH:3
end_of_record
TN:
SF:src/graph/GraphCachedNeighborsBehavior.ts
FN:8,(anonymous_0)
FN:12,(anonymous_1)
FN:25,(anonymous_2)
FNF:3
FNH:2
FNDA:2,(anonymous_0)
FNDA:27,(anonymous_1)
FNDA:0,(anonymous_2)
DA:5,1
DA:9,2
DA:13,27
DA:15,27
DA:16,0
DA:18,27
DA:20,27
DA:22,27
DA:26,0
LF:9
LH:7
BRDA:15,0,0,0
BRF:1
BRH:0
end_of_record
TN:
SF:src/graph/index.ts
FN:2,(anonymous_1)
FN:6,(anonymous_2)
FNF:2
FNH:2
FNDA:1,(anonymous_1)
FNDA:2,(anonymous_2)
DA:1,1
DA:2,2
DA:5,1
DA:6,3
LF:4
LH:4
BRF:0
BRH:0
end_of_record
TN:
SF:src/grid/Grid.ts
FN:17,(anonymous_0)
FN:20,(anonymous_1)
FN:31,(anonymous_2)
FN:36,(anonymous_3)
FN:42,(anonymous_4)
FN:48,(anonymous_5)
FN:49,(anonymous_6)
FNF:7
FNH:6
FNDA:2,(anonymous_0)
FNDA:27,(anonymous_1)
FNDA:117,(anonymous_2)
FNDA:117,(anonymous_3)
FNDA:0,(anonymous_4)
FNDA:2,(anonymous_5)
FNDA:32,(anonymous_6)
DA:2,1
DA:3,1
DA:12,1
DA:18,2
DA:21,27
DA:25,2
DA:26,2
DA:28,2
DA:32,117
DA:33,0
DA:37,117
DA:39,117
DA:43,0
DA:45,0
DA:49,32
DA:51,2
LF:16
LH:13
BRDA:18,0,0,0
BRDA:18,0,1,2
BRDA:18,1,0,2
BRDA:18,1,1,2
BRDA:32,2,0,0
BRF:5
BRH:3
end_of_record
TN:
SF:src/grid/GridPoint.ts
FN:7,(anonymous_0)
FNF:1
FNH:1
FNDA:32,(anonymous_0)
DA:4,1
DA:8,32
LF:2
LH:2
BRF:0
BRH:0
end_of_record
TN:
SF:src/grid/index.ts
FNF:0
FNH:0
DA:1,1
DA:2,1
DA:4,1
DA:7,1
DA:8,1
LF:5
LH:5
BRF:0
BRH:0
end_of_record
TN:
SF:src/grid/edges/FourEdgesGridBehavior.ts
FN:21,(anonymous_0)
FN:25,(anonymous_1)
FN:59,(anonymous_2)
FN:63,(anonymous_3)
FN:68,(anonymous_4)
FNF:5
FNH:5
FNDA:2,(anonymous_0)
FNDA:2,(anonymous_1)
FNDA:1,(anonymous_2)
FNDA:1,(anonymous_3)
FNDA:27,(anonymous_4)
DA:1,1
DA:5,1
DA:18,1
DA:22,2
DA:26,2
DA:27,2
DA:29,2
DA:32,2
DA:34,1
DA:35,1
DA:36,1
DA:37,1
DA:39,0
DA:40,0
DA:41,0
DA:42,0
DA:44,0
DA:45,0
DA:46,0
DA:47,0
DA:49,1
DA:50,1
DA:51,1
DA:52,1
DA:54,0
DA:60,1
DA:64,1
DA:69,27
DA:70,27
DA:71,27
DA:73,27
DA:74,0
DA:76,27
DA:78,27
DA:79,21
DA:81,27
DA:82,19
DA:84,27
DA:85,20
DA:87,27
DA:88,22
DA:90,27
LF:42
LH:32
BRDA:32,0,0,1
BRDA:32,0,1,0
BRDA:32,0,2,0
BRDA:32,0,3,1
BRDA:32,0,4,0
BRDA:35,1,0,0
BRDA:35,1,1,1
BRDA:35,2,0,1
BRDA:35,2,1,1
BRDA:36,3,0,0
BRDA:36,3,1,1
BRDA:36,4,0,1
BRDA:36,4,1,1
BRDA:40,5,0,0
BRDA:40,5,1,0
BRDA:40,6,0,0
BRDA:40,6,1,0
BRDA:41,7,0,0
BRDA:41,7,1,0
BRDA:41,8,0,0
BRDA:41,8,1,0
BRDA:45,9,0,0
BRDA:45,9,1,0
BRDA:45,10,0,0
BRDA:45,10,1,0
BRDA:46,11,0,0
BRDA:46,11,1,0
BRDA:46,12,0,0
BRDA:46,12,1,0
BRDA:50,13,0,0
BRDA:50,13,1,1
BRDA:50,14,0,1
BRDA:50,14,1,1
BRDA:51,15,0,0
BRDA:51,15,1,1
BRDA:51,16,0,1
BRDA:51,16,1,1
BRDA:73,17,0,0
BRDA:78,18,0,21
BRDA:78,19,0,27
BRDA:78,19,1,26
BRDA:81,20,0,19
BRDA:81,21,0,27
BRDA:81,21,1,27
BRDA:84,22,0,20
BRDA:84,23,0,27
BRDA:84,23,1,26
BRDA:87,24,0,22
BRDA:87,25,0,27
BRDA:87,25,1,27
BRF:50
BRH:26
end_of_record
TN:
SF:src/grid/edges/Grid2D.ts
FNF:0
FNH:0
DA:2,1
DA:5,1
LF:2
LH:2
BRF:0
BRH:0
end_of_record
TN:
SF:src/grid/edges/Grid2DFourEdges.ts
FN:7,(anonymous_0)
FN:13,(anonymous_1)
FN:17,(anonymous_2)
FN:22,(anonymous_3)
FN:26,(anonymous_4)
FN:30,(anonymous_5)
FN:34,(anonymous_6)
FNF:7
FNH:6
FNDA:2,(anonymous_0)
FNDA:32,(anonymous_1)
FNDA:2,(anonymous_2)
FNDA:0,(anonymous_3)
FNDA:1,(anonymous_4)
FNDA:1,(anonymous_5)
FNDA:27,(anonymous_6)
DA:2,1
DA:3,1
DA:4,1
DA:7,1
DA:10,2
DA:14,32
DA:18,2
DA:19,2
DA:23,0
DA:27,1
DA:31,1
DA:35,27
DA:36,27
DA:38,27
DA:40,27
LF:15
LH:14
BRF:0
BRH:0
end_of_record
TN:
SF:src/grid/edges/GridPoint2DEightEdges.ts
FN:7,(anonymous_0)
FN:11,(anonymous_1)
FN:15,(anonymous_2)
FN:19,(anonymous_3)
FN:23,(anonymous_4)
FN:27,(anonymous_5)
FN:31,(anonymous_6)
FN:35,(anonymous_7)
FN:39,(anonymous_8)
FN:43,(anonymous_9)
FNF:10
FNH:0
FNDA:0,(anonymous_0)
FNDA:0,(anonymous_1)
FNDA:0,(anonymous_2)
FNDA:0,(anonymous_3)
FNDA:0,(anonymous_4)
FNDA:0,(anonymous_5)
FNDA:0,(anonymous_6)
FNDA:0,(anonymous_7)
FNDA:0,(anonymous_8)
FNDA:0,(anonymous_9)
DA:3,1
DA:4,1
DA:6,1
DA:8,0
DA:12,0
DA:16,0
DA:20,0
DA:24,0
DA:28,0
DA:32,0
DA:36,0
DA:40,0
DA:44,0
LF:13
LH:3
BRDA:24,0,0,0
BRDA:24,0,1,0
BRDA:28,1,0,0
BRDA:28,1,1,0
BRDA:32,2,0,0
BRDA:32,2,1,0
BRDA:36,3,0,0
BRDA:36,3,1,0
BRF:8
BRH:0
end_of_record
TN:
SF:src/grid/edges/GridPoint2DFourEdges.ts
FN:11,(anonymous_0)
FN:15,(anonymous_1)
FN:19,(anonymous_2)
FN:23,(anonymous_3)
FN:27,(anonymous_4)
FN:31,(anonymous_5)
FN:35,(anonymous_6)
FN:39,(anonymous_7)
FN:43,(anonymous_8)
FNF:9
FNH:9
FNDA:27,(anonymous_0)
FNDA:27,(anonymous_1)
FNDA:27,(anonymous_2)
FNDA:27,(anonymous_3)
FNDA:1,(anonymous_4)
FNDA:1,(anonymous_5)
FNDA:1,(anonymous_6)
FNDA:1,(anonymous_7)
FNDA:32,(anonymous_8)
DA:3,1
DA:4,1
DA:6,1
DA:12,27
DA:16,27
DA:20,27
DA:24,27
DA:28,1
DA:32,1
DA:36,1
DA:40,1
DA:44,32
DA:46,32
LF:13
LH:13
BRDA:28,0,0,0
BRDA:28,0,1,1
BRDA:32,1,0,0
BRDA:32,1,1,1
BRDA:36,2,0,0
BRDA:36,2,1,1
BRDA:40,3,0,0
BRDA:40,3,1,1
BRF:8
BRH:4
end_of_record
TN:
SF:src/grid/edges/index.ts
FNF:0
FNH:0
DA:1,1
DA:2,1
DA:4,1
DA:5,1
DA:8,1
DA:9,1
DA:10,1
DA:11,1
LF:8
LH:8
BRF:0
BRH:0
end_of_record
TN:
SF:src/grid/edges/types.ts
FN:2,(anonymous_0)
FNF:1
FNH:1
FNDA:1,(anonymous_0)
DA:2,1
DA:3,1
DA:4,1
DA:5,1
DA:6,1
DA:7,1
DA:8,1
DA:9,1
DA:10,1
LF:9
LH:9
BRDA:2,0,0,1
BRDA:2,0,1,1
BRF:2
BRH:2
end_of_record
TN:
SF:src/multi-array/MultiArray.ts
FN:3,(anonymous_0)
FN:7,(anonymous_1)
FN:19,create
FN:23,get
FN:38,set
FN:61,innerCreate
FNF:6
FNH:5
FNDA:2,(anonymous_0)
FNDA:0,(anonymous_1)
FNDA:5,create
FNDA:369,get
FNDA:6,set
FNDA:76,innerCreate
DA:3,2
DA:6,2
DA:8,0
DA:19,2
DA:20,5
DA:23,2
DA:24,369
DA:25,123
DA:26,123
DA:28,0
DA:31,246
DA:32,246
DA:33,246
DA:35,246
DA:38,2
DA:39,6
DA:40,0
DA:42,6
DA:43,3
DA:44,0
DA:47,3
DA:49,3
DA:52,3
DA:53,3
DA:54,3
DA:56,3
DA:62,76
DA:63,53
DA:65,53
DA:68,23
DA:70,23
DA:71,71
DA:73,23
LF:33
LH:29
BRDA:24,0,0,123
BRDA:24,1,0,369
BRDA:24,1,1,369
BRDA:25,2,0,123
BRDA:39,3,0,0
BRDA:39,4,0,6
BRDA:39,4,1,6
BRDA:42,5,0,3
BRDA:42,6,0,6
BRDA:42,6,1,6
BRDA:43,7,0,0
BRDA:3,8,0,2
BRDA:3,8,1,2
BRDA:62,9,0,53
BRF:14
BRH:12
end_of_record
TN:
SF:src/multi-array/index.ts
FN:3,(anonymous_0)
FNF:1
FNH:1
FNDA:119,(anonymous_0)
DA:2,1
DA:3,120
LF:2
LH:2
BRF:0
BRH:0
end_of_record
TN:
SF:src/path-finding/a-star/AStar.ts
FN:47,(anonymous_0)
FN:55,(anonymous_1)
FN:66,(anonymous_2)
FN:71,(anonymous_3)
FN:79,(anonymous_4)
FN:84,(anonymous_5)
FN:92,(anonymous_6)
FN:155,defaultCalcG
FNF:8
FNH:7
FNDA:2,(anonymous_0)
FNDA:84,(anonymous_1)
FNDA:0,(anonymous_2)
FNDA:2,(anonymous_3)
FNDA:29,(anonymous_4)
FNDA:2,(anonymous_5)
FNDA:101,(anonymous_6)
FNDA:44,defaultCalcG
DA:1,1
DA:2,1
DA:26,1
DA:41,2
DA:45,2
DA:48,2
DA:49,2
DA:50,2
DA:51,2
DA:52,2
DA:56,84
DA:58,84
DA:59,32
DA:60,32
DA:63,84
DA:67,0
DA:72,2
DA:73,2
DA:74,2
DA:75,2
DA:76,2
DA:80,29
DA:85,2
DA:87,2
DA:89,29
DA:90,29
DA:92,29
DA:93,101
DA:94,7
DA:95,7
DA:99,29
DA:100,29
DA:102,29
DA:103,2
DA:105,2
DA:110,2
DA:111,12
DA:115,12
DA:119,2
DA:123,27
DA:125,27
DA:127,27
DA:129,27
DA:130,82
DA:132,82
DA:133,44
DA:135,44
DA:136,30
DA:137,14
DA:139,14
DA:141,30
DA:142,30
DA:143,30
DA:144,30
DA:150,0
DA:156,44
LF:56
LH:54
BRDA:51,0,0,0
BRDA:51,0,1,2
BRDA:51,1,0,2
BRDA:51,1,1,2
BRDA:58,2,0,32
BRDA:93,3,0,7
BRDA:102,4,0,2
BRDA:132,5,0,44
BRDA:135,6,0,30
BRDA:135,6,1,14
BRDA:137,7,0,14
BRF:11
BRH:10
end_of_record
TN:
SF:src/path-finding/a-star/AStar2D.ts
FN:5,(anonymous_0)
FN:21,(anonymous_1)
FN:29,(anonymous_2)
FN:34,(anonymous_3)
FNF:4
FNH:3
FNDA:30,(anonymous_0)
FNDA:2,(anonymous_1)
FNDA:27,(anonymous_2)
FNDA:0,(anonymous_3)
DA:2,1
DA:5,1
DA:6,30
DA:7,30
DA:9,30
DA:18,1
DA:25,2
DA:29,27
DA:31,2
DA:35,0
LF:10
LH:9
BRDA:24,0,0,2
BRF:1
BRH:1
end_of_record
TN:
SF:src/path-finding/a-star/AStarNode.ts
FN:12,(anonymous_0)
FN:19,(anonymous_1)
FNF:2
FNH:1
FNDA:32,(anonymous_0)
FNDA:0,(anonymous_1)
DA:1,1
DA:13,32
DA:14,32
DA:15,32
DA:16,32
DA:20,0
LF:6
LH:5
BRDA:20,0,0,0
BRDA:20,0,1,0
BRDA:20,1,0,0
BRDA:20,1,1,0
BRF:4
BRH:0
end_of_record
TN:
SF:src/path-finding/a-star/BiMap.ts
FN:6,(anonymous_0)
FN:11,(anonymous_1)
FN:15,(anonymous_2)
FN:19,(anonymous_3)
FN:23,(anonymous_4)
FN:27,(anonymous_5)
FN:32,(anonymous_6)
FN:36,(anonymous_7)
FN:49,(anonymous_8)
FN:62,(anonymous_9)
FN:66,(anonymous_10)
FN:70,(anonymous_11)
FNF:12
FNH:5
FNDA:2,(anonymous_0)
FNDA:0,(anonymous_1)
FNDA:0,(anonymous_2)
FNDA:43,(anonymous_3)
FNDA:84,(anonymous_4)
FNDA:32,(anonymous_5)
FNDA:0,(anonymous_6)
FNDA:0,(anonymous_7)
FNDA:0,(anonymous_8)
FNDA:0,(anonymous_9)
FNDA:0,(anonymous_10)
FNDA:2,(anonymous_11)
DA:1,1
DA:7,2
DA:8,2
DA:12,0
DA:16,0
DA:20,43
DA:24,84
DA:28,32
DA:29,32
DA:33,0
DA:37,0
DA:38,0
DA:40,0
DA:41,0
DA:43,0
DA:46,0
DA:50,0
DA:51,0
DA:53,0
DA:54,0
DA:56,0
DA:59,0
DA:63,0
DA:67,0
DA:71,2
DA:72,2
LF:26
LH:9
BRDA:37,0,0,0
BRDA:50,1,0,0
BRF:2
BRH:0
end_of_record
TN:
SF:src/path-finding/a-star/BiMapNodeData.ts
FN:4,(anonymous_0)
FN:7,(anonymous_1)
FN:11,(anonymous_2)
FN:15,(anonymous_3)
FN:19,(anonymous_4)
FNF:5
FNH:5
FNDA:2,(anonymous_0)
FNDA:43,(anonymous_1)
FNDA:84,(anonymous_2)
FNDA:32,(anonymous_3)
FNDA:2,(anonymous_4)
DA:2,1
DA:4,1
DA:5,2
DA:8,43
DA:12,84
DA:16,32
DA:20,2
LF:7
LH:7
BRF:0
BRH:0
end_of_record
TN:
SF:src/path-finding/a-star/index.ts
FN:2,(anonymous_1)
FN:6,(anonymous_2)
FN:10,(anonymous_3)
FNF:3
FNH:1
FNDA:0,(anonymous_1)
FNDA:2,(anonymous_2)
FNDA:0,(anonymous_3)
DA:1,1
DA:2,1
DA:5,1
DA:6,3
DA:9,1
DA:10,1
LF:6
LH:6
BRF:0
BRH:0
end_of_record
TN:
SF:tests/utils.ts
FN:5,expectNodePosition
FN:12,expectPosition
FN:20,positionStringify
FN:24,expectPath
FN:28,(anonymous_4)
FNF:5
FNH:4
FNDA:14,expectNodePosition
FNDA:14,expectPosition
FNDA:0,positionStringify
FNDA:2,expectPath
FNDA:14,(anonymous_4)
DA:5,1
DA:6,14
DA:7,0
DA:9,14
DA:12,1
DA:13,14
DA:14,0
DA:16,14
DA:17,0
DA:20,1
DA:21,0
DA:24,1
DA:25,2
DA:26,0
DA:28,2
DA:29,14
LF:16
LH:11
BRDA:6,0,0,0
BRDA:13,1,0,0
BRDA:13,2,0,14
BRDA:13,2,1,14
BRDA:16,3,0,0
BRDA:16,4,0,14
BRDA:16,4,1,14
BRDA:25,5,0,0
BRF:8
BRH:4
end_of_record
